<?xml version="1.0" encoding="UTF-8"?>
<!-- Generated by org.testng.reporters.JUnitXMLReporter -->
<testsuite ignored="0" hostname="CIDC070" failures="0" tests="5" name="Default test" time="28.28" errors="0" timestamp="2023-07-11T18:02:36 IST">
  <testcase classname="com.AlliedInsulation.testCases.LoginTestValidation" name="loginValidationTestWithInvalid" time="5.362"/>
  <testcase classname="com.AlliedInsulation.testCases.LoginTestValidation" name="loginValidationTestWithInvalid" time="2.978"/>
  <testcase classname="com.AlliedInsulation.testCases.LoginTestValidation" name="loginValidationTestWithInvalid" time="3.163"/>
  <testcase classname="com.AlliedInsulation.testCases.LoginTestValidation" name="loginValidationTestWithInvalid" time="5.239"/>
  <testcase classname="com.AlliedInsulation.testCases.LoginTestValidation" name="loginPageValidation" time="4.705"/>
</testsuite> <!-- Default test -->
