<?xml version="1.0" encoding="UTF-8"?>
<!-- Generated by org.testng.reporters.JUnitXMLReporter -->
<testsuite ignored="0" hostname="CIDC070" failures="0" tests="5" name="Test Login Page Validation" time="28.272" errors="0" timestamp="2023-07-11T21:47:13 IST">
  <testcase classname="com.AlliedInsulation.testCases.LoginTestValidation" name="loginPageValidation" time="14.691"/>
  <testcase classname="com.AlliedInsulation.testCases.LoginTestValidation" name="loginValidationTestWithInvalid" time="1.687"/>
  <testcase classname="com.AlliedInsulation.testCases.LoginTestValidation" name="loginValidationTestWithInvalid" time="2.732"/>
  <testcase classname="com.AlliedInsulation.testCases.LoginTestValidation" name="loginValidationTestWithInvalid" time="2.055"/>
  <testcase classname="com.AlliedInsulation.testCases.LoginTestValidation" name="loginValidationTestWithInvalid" time="1.364"/>
</testsuite> <!-- Test Login Page Validation -->
