<?xml version="1.0" encoding="UTF-8"?>
<!-- Generated by org.testng.reporters.JUnitXMLReporter -->
<testsuite ignored="0" hostname="CIDC070" failures="0" tests="5" name="Test Login Page Validation2" time="21.149" errors="0" timestamp="2023-07-11T17:19:20 IST">
  <testcase classname="com.AlliedInsulation.testCases.LoginTestValidation" name="loginPageValidation" time="7.315"/>
  <testcase classname="com.AlliedInsulation.testCases.LoginTestValidation" name="loginValidationTestWithInvalid" time="2.267"/>
  <testcase classname="com.AlliedInsulation.testCases.LoginTestValidation" name="loginValidationTestWithInvalid" time="2.269"/>
  <testcase classname="com.AlliedInsulation.testCases.LoginTestValidation" name="loginValidationTestWithInvalid" time="2.301"/>
  <testcase classname="com.AlliedInsulation.testCases.LoginTestValidation" name="loginValidationTestWithInvalid" time="3.112"/>
</testsuite> <!-- Test Login Page Validation2 -->
